# JRE version: Java(TM) SE Runtime Environment (14.0.2+12) (build 14.0.2+12-46)
# Java VM: Java HotSpot(TM) 64-Bit Server VM (14.0.2+12-46, mixed mode, sharing, tiered, compressed oops, g1 gc, windows-amd64)
Heap:
 garbage-first heap   total 158720K, used 13898K [0x0000000701a00000, 0x0000000800000000)
  region size 1024K, 1 young (1024K), 1 survivors (1024K)
 Metaspace       used 21641K, capacity 22041K, committed 22272K, reserved 1069056K
  class space    used 2378K, capacity 2509K, committed 2560K, reserved 1048576K
GC Heap History (20 events):
Event: 1741.705 GC heap after
{Heap after GC invocations=13230 (full 0):
 garbage-first heap   total 55296K, used 13896K [0x0000000701a00000, 0x0000000800000000)
  region size 1024K, 1 young (1024K), 1 survivors (1024K)
 Metaspace       used 21641K, capacity 22041K, committed 22272K, reserved 1069056K
  class space    used 2378K, capacity 2509K, committed 2560K, reserved 1048576K
}
Event: 1741.903 GC heap before
{Heap before GC invocations=13231 (full 0):
 garbage-first heap   total 55296K, used 43592K [0x0000000701a00000, 0x0000000800000000)
  region size 1024K, 21 young (21504K), 1 survivors (1024K)
 Metaspace       used 21641K, capacity 22041K, committed 22272K, reserved 1069056K
  class space    used 2378K, capacity 2509K, committed 2560K, reserved 1048576K
}
Event: 1741.905 GC heap after
{Heap after GC invocations=13232 (full 0):
 garbage-first heap   total 55296K, used 13896K [0x0000000701a00000, 0x0000000800000000)
  region size 1024K, 1 young (1024K), 1 survivors (1024K)
 Metaspace       used 21641K, capacity 22041K, committed 22272K, reserved 1069056K
  class space    used 2378K, capacity 2509K, committed 2560K, reserved 1048576K
}
Event: 1742.014 GC heap before
{Heap before GC invocations=13233 (full 0):
 garbage-first heap   total 55296K, used 22088K [0x0000000701a00000, 0x0000000800000000)
  region size 1024K, 7 young (7168K), 1 survivors (1024K)
 Metaspace       used 21641K, capacity 22041K, committed 22272K, reserved 1069056K
  class space    used 2378K, capacity 2509K, committed 2560K, reserved 1048576K
}
Event: 1742.015 GC heap after
{Heap after GC invocations=13234 (full 0):
 garbage-first heap   total 55296K, used 13896K [0x0000000701a00000, 0x0000000800000000)
  region size 1024K, 1 young (1024K), 1 survivors (1024K)
 Metaspace       used 21641K, capacity 22041K, committed 22272K, reserved 1069056K
  class space    used 2378K, capacity 2509K, committed 2560K, reserved 1048576K
}
Event: 1742.123 GC heap before
{Heap before GC invocations=13235 (full 0):
 garbage-first heap   total 55296K, used 22088K [0x0000000701a00000, 0x0000000800000000)
  region size 1024K, 7 young (7168K), 1 survivors (1024K)
 Metaspace       used 21641K, capacity 22041K, committed 22272K, reserved 1069056K
  class space    used 2378K, capacity 2509K, committed 2560K, reserved 1048576K
}
Event: 1742.126 GC heap after
{Heap after GC invocations=13236 (full 0):
 garbage-first heap   total 55296K, used 13900K [0x0000000701a00000, 0x0000000800000000)
  region size 1024K, 1 young (1024K), 1 survivors (1024K)
 Metaspace       used 21641K, capacity 22041K, committed 22272K, reserved 1069056K
  class space    used 2378K, capacity 2509K, committed 2560K, reserved 1048576K
}
Event: 1742.243 GC heap before
{Heap before GC invocations=13237 (full 0):
 garbage-first heap   total 55296K, used 22092K [0x0000000701a00000, 0x0000000800000000)
  region size 1024K, 7 young (7168K), 1 survivors (1024K)
 Metaspace       used 21641K, capacity 22041K, committed 22272K, reserved 1069056K
  class space    used 2378K, capacity 2509K, committed 2560K, reserved 1048576K
}
Event: 1742.244 GC heap after
{Heap after GC invocations=13238 (full 0):
 garbage-first heap   total 55296K, used 13901K [0x0000000701a00000, 0x0000000800000000)
  region size 1024K, 1 young (1024K), 1 survivors (1024K)
 Metaspace       used 21641K, capacity 22041K, committed 22272K, reserved 1069056K
  class space    used 2378K, capacity 2509K, committed 2560K, reserved 1048576K
}
Event: 1742.370 GC heap before
{Heap before GC invocations=13239 (full 0):
 garbage-first heap   total 55296K, used 22093K [0x0000000701a00000, 0x0000000800000000)
  region size 1024K, 7 young (7168K), 1 survivors (1024K)
 Metaspace       used 21641K, capacity 22041K, committed 22272K, reserved 1069056K
  class space    used 2378K, capacity 2509K, committed 2560K, reserved 1048576K
}
Event: 1742.372 GC heap after
{Heap after GC invocations=13240 (full 0):
 garbage-first heap   total 55296K, used 13897K [0x0000000701a00000, 0x0000000800000000)
  region size 1024K, 1 young (1024K), 1 survivors (1024K)
 Metaspace       used 21641K, capacity 22041K, committed 22272K, reserved 1069056K
  class space    used 2378K, capacity 2509K, committed 2560K, reserved 1048576K
}
Event: 1742.483 GC heap before
{Heap before GC invocations=13241 (full 0):
 garbage-first heap   total 55296K, used 26185K [0x0000000701a00000, 0x0000000800000000)
  region size 1024K, 10 young (10240K), 1 survivors (1024K)
 Metaspace       used 21641K, capacity 22041K, committed 22272K, reserved 1069056K
  class space    used 2378K, capacity 2509K, committed 2560K, reserved 1048576K
}
Event: 1742.484 GC heap after
{Heap after GC invocations=13242 (full 0):
 garbage-first heap   total 55296K, used 13900K [0x0000000701a00000, 0x0000000800000000)
  region size 1024K, 1 young (1024K), 1 survivors (1024K)
 Metaspace       used 21641K, capacity 22041K, committed 22272K, reserved 1069056K
  class space    used 2378K, capacity 2509K, committed 2560K, reserved 1048576K
}
Event: 1742.744 GC heap before
{Heap before GC invocations=13243 (full 0):
 garbage-first heap   total 55296K, used 45644K [0x0000000701a00000, 0x0000000800000000)
  region size 1024K, 23 young (23552K), 1 survivors (1024K)
 Metaspace       used 21641K, capacity 22041K, committed 22272K, reserved 1069056K
  class space    used 2378K, capacity 2509K, committed 2560K, reserved 1048576K
}
Event: 1742.746 GC heap after
{Heap after GC invocations=13244 (full 0):
 garbage-first heap   total 55296K, used 13899K [0x0000000701a00000, 0x0000000800000000)
  region size 1024K, 1 young (1024K), 1 survivors (1024K)
 Metaspace       used 21641K, capacity 22041K, committed 22272K, reserved 1069056K
  class space    used 2378K, capacity 2509K, committed 2560K, reserved 1048576K
}
Event: 1742.949 GC heap before
{Heap before GC invocations=13245 (full 0):
 garbage-first heap   total 55296K, used 40523K [0x0000000701a00000, 0x0000000800000000)
  region size 1024K, 19 young (19456K), 1 survivors (1024K)
 Metaspace       used 21641K, capacity 22041K, committed 22272K, reserved 1069056K
  class space    used 2378K, capacity 2509K, committed 2560K, reserved 1048576K
}
Event: 1742.950 GC heap after
{Heap after GC invocations=13246 (full 0):
 garbage-first heap   total 55296K, used 13900K [0x0000000701a00000, 0x0000000800000000)
  region size 1024K, 1 young (1024K), 1 survivors (1024K)
 Metaspace       used 21641K, capacity 22041K, committed 22272K, reserved 1069056K
  class space    used 2378K, capacity 2509K, committed 2560K, reserved 1048576K
}
Event: 1743.207 GC heap before
{Heap before GC invocations=13247 (full 0):
 garbage-first heap   total 55296K, used 45644K [0x0000000701a00000, 0x0000000800000000)
  region size 1024K, 23 young (23552K), 1 survivors (1024K)
 Metaspace       used 21641K, capacity 22041K, committed 22272K, reserved 1069056K
  class space    used 2378K, capacity 2509K, committed 2560K, reserved 1048576K
}
Event: 1743.210 GC heap after
{Heap after GC invocations=13248 (full 0):
 garbage-first heap   total 55296K, used 13900K [0x0000000701a00000, 0x0000000800000000)
  region size 1024K, 1 young (1024K), 1 survivors (1024K)
 Metaspace       used 21641K, capacity 22041K, committed 22272K, reserved 1069056K
  class space    used 2378K, capacity 2509K, committed 2560K, reserved 1048576K
}
Event: 1743.500 GC heap before
{Heap before GC invocations=13249 (full 0):
 garbage-first heap   total 55296K, used 45644K [0x0000000701a00000, 0x0000000800000000)
  region size 1024K, 23 young (23552K), 1 survivors (1024K)
 Metaspace       used 21641K, capacity 22041K, committed 22272K, reserved 1069056K
  class space    used 2378K, capacity 2509K, committed 2560K, reserved 1048576K
}

