# JRE version: Java(TM) SE Runtime Environment (14.0.2+12) (build 14.0.2+12-46)
# Java VM: Java HotSpot(TM) 64-Bit Server VM (14.0.2+12-46, mixed mode, sharing, tiered, compressed oops, g1 gc, windows-amd64)
Heap:
 garbage-first heap   total 62464K, used 52282K [0x0000000701a00000, 0x0000000800000000)
  region size 1024K, 28 young (28672K), 1 survivors (1024K)
 Metaspace       used 21042K, capacity 21451K, committed 21504K, reserved 1069056K
  class space    used 2370K, capacity 2507K, committed 2560K, reserved 1048576K
GC Heap History (20 events):
Event: 53.439 GC heap before
{Heap before GC invocations=171 (full 0):
 garbage-first heap   total 62464K, used 49201K [0x0000000701a00000, 0x0000000800000000)
  region size 1024K, 27 young (27648K), 1 survivors (1024K)
 Metaspace       used 20962K, capacity 21323K, committed 21504K, reserved 1069056K
  class space    used 2370K, capacity 2507K, committed 2560K, reserved 1048576K
}
Event: 53.441 GC heap after
{Heap after GC invocations=172 (full 0):
 garbage-first heap   total 62464K, used 12337K [0x0000000701a00000, 0x0000000800000000)
  region size 1024K, 1 young (1024K), 1 survivors (1024K)
 Metaspace       used 20962K, capacity 21323K, committed 21504K, reserved 1069056K
  class space    used 2370K, capacity 2507K, committed 2560K, reserved 1048576K
}
Event: 53.832 GC heap before
{Heap before GC invocations=173 (full 0):
 garbage-first heap   total 62464K, used 41009K [0x0000000701a00000, 0x0000000800000000)
  region size 1024K, 21 young (21504K), 1 survivors (1024K)
 Metaspace       used 20973K, capacity 21387K, committed 21504K, reserved 1069056K
  class space    used 2370K, capacity 2507K, committed 2560K, reserved 1048576K
}
Event: 53.833 GC heap after
{Heap after GC invocations=174 (full 0):
 garbage-first heap   total 62464K, used 12336K [0x0000000701a00000, 0x0000000800000000)
  region size 1024K, 1 young (1024K), 1 survivors (1024K)
 Metaspace       used 20973K, capacity 21387K, committed 21504K, reserved 1069056K
  class space    used 2370K, capacity 2507K, committed 2560K, reserved 1048576K
}
Event: 54.268 GC heap before
{Heap before GC invocations=175 (full 0):
 garbage-first heap   total 62464K, used 50224K [0x0000000701a00000, 0x0000000800000000)
  region size 1024K, 27 young (27648K), 1 survivors (1024K)
 Metaspace       used 20973K, capacity 21387K, committed 21504K, reserved 1069056K
  class space    used 2370K, capacity 2507K, committed 2560K, reserved 1048576K
}
Event: 54.269 GC heap after
{Heap after GC invocations=176 (full 0):
 garbage-first heap   total 62464K, used 12336K [0x0000000701a00000, 0x0000000800000000)
  region size 1024K, 1 young (1024K), 1 survivors (1024K)
 Metaspace       used 20973K, capacity 21387K, committed 21504K, reserved 1069056K
  class space    used 2370K, capacity 2507K, committed 2560K, reserved 1048576K
}
Event: 54.587 GC heap before
{Heap before GC invocations=177 (full 0):
 garbage-first heap   total 62464K, used 53296K [0x0000000701a00000, 0x0000000800000000)
  region size 1024K, 29 young (29696K), 1 survivors (1024K)
 Metaspace       used 20975K, capacity 21387K, committed 21504K, reserved 1069056K
  class space    used 2370K, capacity 2507K, committed 2560K, reserved 1048576K
}
Event: 54.589 GC heap after
{Heap after GC invocations=178 (full 0):
 garbage-first heap   total 62464K, used 12337K [0x0000000701a00000, 0x0000000800000000)
  region size 1024K, 1 young (1024K), 1 survivors (1024K)
 Metaspace       used 20975K, capacity 21387K, committed 21504K, reserved 1069056K
  class space    used 2370K, capacity 2507K, committed 2560K, reserved 1048576K
}
Event: 54.922 GC heap before
{Heap before GC invocations=179 (full 0):
 garbage-first heap   total 62464K, used 50225K [0x0000000701a00000, 0x0000000800000000)
  region size 1024K, 27 young (27648K), 1 survivors (1024K)
 Metaspace       used 20980K, capacity 21387K, committed 21504K, reserved 1069056K
  class space    used 2370K, capacity 2507K, committed 2560K, reserved 1048576K
}
Event: 54.924 GC heap after
{Heap after GC invocations=180 (full 0):
 garbage-first heap   total 62464K, used 12337K [0x0000000701a00000, 0x0000000800000000)
  region size 1024K, 1 young (1024K), 1 survivors (1024K)
 Metaspace       used 20980K, capacity 21387K, committed 21504K, reserved 1069056K
  class space    used 2370K, capacity 2507K, committed 2560K, reserved 1048576K
}
Event: 55.247 GC heap before
{Heap before GC invocations=181 (full 0):
 garbage-first heap   total 62464K, used 53297K [0x0000000701a00000, 0x0000000800000000)
  region size 1024K, 29 young (29696K), 1 survivors (1024K)
 Metaspace       used 20996K, capacity 21387K, committed 21504K, reserved 1069056K
  class space    used 2370K, capacity 2507K, committed 2560K, reserved 1048576K
}
Event: 55.249 GC heap after
{Heap after GC invocations=182 (full 0):
 garbage-first heap   total 62464K, used 12341K [0x0000000701a00000, 0x0000000800000000)
  region size 1024K, 1 young (1024K), 1 survivors (1024K)
 Metaspace       used 20996K, capacity 21387K, committed 21504K, reserved 1069056K
  class space    used 2370K, capacity 2507K, committed 2560K, reserved 1048576K
}
Event: 55.554 GC heap before
{Heap before GC invocations=183 (full 0):
 garbage-first heap   total 62464K, used 42037K [0x0000000701a00000, 0x0000000800000000)
  region size 1024K, 22 young (22528K), 1 survivors (1024K)
 Metaspace       used 20996K, capacity 21387K, committed 21504K, reserved 1069056K
  class space    used 2370K, capacity 2507K, committed 2560K, reserved 1048576K
}
Event: 55.555 GC heap after
{Heap after GC invocations=184 (full 0):
 garbage-first heap   total 62464K, used 12342K [0x0000000701a00000, 0x0000000800000000)
  region size 1024K, 1 young (1024K), 1 survivors (1024K)
 Metaspace       used 20996K, capacity 21387K, committed 21504K, reserved 1069056K
  class space    used 2370K, capacity 2507K, committed 2560K, reserved 1048576K
}
Event: 56.228 GC heap before
{Heap before GC invocations=185 (full 0):
 garbage-first heap   total 62464K, used 53302K [0x0000000701a00000, 0x0000000800000000)
  region size 1024K, 29 young (29696K), 1 survivors (1024K)
 Metaspace       used 20996K, capacity 21387K, committed 21504K, reserved 1069056K
  class space    used 2370K, capacity 2507K, committed 2560K, reserved 1048576K
}
Event: 56.229 GC heap after
{Heap after GC invocations=186 (full 0):
 garbage-first heap   total 62464K, used 12340K [0x0000000701a00000, 0x0000000800000000)
  region size 1024K, 1 young (1024K), 1 survivors (1024K)
 Metaspace       used 20996K, capacity 21387K, committed 21504K, reserved 1069056K
  class space    used 2370K, capacity 2507K, committed 2560K, reserved 1048576K
}
Event: 56.666 GC heap before
{Heap before GC invocations=187 (full 0):
 garbage-first heap   total 62464K, used 53300K [0x0000000701a00000, 0x0000000800000000)
  region size 1024K, 29 young (29696K), 1 survivors (1024K)
 Metaspace       used 20996K, capacity 21387K, committed 21504K, reserved 1069056K
  class space    used 2370K, capacity 2507K, committed 2560K, reserved 1048576K
}
Event: 56.668 GC heap after
{Heap after GC invocations=188 (full 0):
 garbage-first heap   total 62464K, used 12343K [0x0000000701a00000, 0x0000000800000000)
  region size 1024K, 1 young (1024K), 1 survivors (1024K)
 Metaspace       used 20996K, capacity 21387K, committed 21504K, reserved 1069056K
  class space    used 2370K, capacity 2507K, committed 2560K, reserved 1048576K
}
Event: 57.518 GC heap before
{Heap before GC invocations=189 (full 0):
 garbage-first heap   total 62464K, used 56375K [0x0000000701a00000, 0x0000000800000000)
  region size 1024K, 31 young (31744K), 1 survivors (1024K)
 Metaspace       used 20997K, capacity 21387K, committed 21504K, reserved 1069056K
  class space    used 2370K, capacity 2507K, committed 2560K, reserved 1048576K
}
Event: 57.519 GC heap after
{Heap after GC invocations=190 (full 0):
 garbage-first heap   total 62464K, used 12346K [0x0000000701a00000, 0x0000000800000000)
  region size 1024K, 1 young (1024K), 1 survivors (1024K)
 Metaspace       used 20997K, capacity 21387K, committed 21504K, reserved 1069056K
  class space    used 2370K, capacity 2507K, committed 2560K, reserved 1048576K
}

